<?xml version="1.0" encoding="UTF-8"?>
<testsuite xmlns:xsi="http://www.w3.org/2001/XMLSchema-instance" xsi:noNamespaceSchemaLocation="https://maven.apache.org/surefire/maven-surefire-plugin/xsd/surefire-test-report-3.0.xsd" version="3.0" name="com.zeljko.apigateway.ApiGatewayApplicationTests" time="2.66" tests="1" errors="0" skipped="0" failures="0">
  <properties>
[...]
</properties>
  <testcase name="contextLoads" classname="com.zeljko.apigateway.ApiGatewayApplicationTests" time="0.476">
    <system-out><![CDATA[01:23:09.194 [main] INFO org.springframework.test.context.support.AnnotationConfigContextLoaderUtils -- Could not detect default configuration classes for test class [com.zeljko.apigateway.ApiGatewayApplicationTests]: ApiGatewayApplicationTests does not declare any static, non-private, non-final, nested classes annotated with @Configuration.
01:23:09.438 [main] INFO org.springframework.boot.test.context.SpringBootTestContextBootstrapper -- Found @SpringBootConfiguration com.zeljko.apigateway.ApiGatewayApplication for test class com.zeljko.apigateway.ApiGatewayApplicationTests

  .   ____          _            __ _ _
 /\\ / ___'_ __ _ _(_)_ __  __ _ \ \ \ \
( ( )\___ | '_ | '_| | '_ \/ _` | \ \ \ \
 \\/  ___)| |_)| | | | | || (_| |  ) ) ) )
  '  |____| .__|_| |_|_| |_\__, | / / / /
 =========|_|==============|___/=/_/_/_/
 :: Spring Boot ::                (v3.1.2)

2023-07-29T01:23:09.885+02:00  INFO 36515 --- [           main] c.z.a.ApiGatewayApplicationTests         : Starting ApiGatewayApplicationTests using Java 17.0.7 with PID 36515 (started by zstojkovic00 in /home/zstojkovic00/IdeaProjects/yettel-tv/api-gateway)
2023-07-29T01:23:09.886+02:00  INFO 36515 --- [           main] c.z.a.ApiGatewayApplicationTests         : No active profile set, falling back to 1 default profile: "default"
2023-07-29T01:23:10.395+02:00  INFO 36515 --- [           main] o.s.cloud.context.scope.GenericScope     : BeanFactory id=b7511217-a8fd-3d52-a223-9a3b647caa20
2023-07-29T01:23:11.000+02:00  INFO 36515 --- [           main] o.s.c.g.r.RouteDefinitionRouteLocator    : Loaded RoutePredicateFactory [After]
2023-07-29T01:23:11.000+02:00  INFO 36515 --- [           main] o.s.c.g.r.RouteDefinitionRouteLocator    : Loaded RoutePredicateFactory [Before]
2023-07-29T01:23:11.001+02:00  INFO 36515 --- [           main] o.s.c.g.r.RouteDefinitionRouteLocator    : Loaded RoutePredicateFactory [Between]
2023-07-29T01:23:11.001+02:00  INFO 36515 --- [           main] o.s.c.g.r.RouteDefinitionRouteLocator    : Loaded RoutePredicateFactory [Cookie]
2023-07-29T01:23:11.001+02:00  INFO 36515 --- [           main] o.s.c.g.r.RouteDefinitionRouteLocator    : Loaded RoutePredicateFactory [Header]
2023-07-29T01:23:11.001+02:00  INFO 36515 --- [           main] o.s.c.g.r.RouteDefinitionRouteLocator    : Loaded RoutePredicateFactory [Host]
2023-07-29T01:23:11.001+02:00  INFO 36515 --- [           main] o.s.c.g.r.RouteDefinitionRouteLocator    : Loaded RoutePredicateFactory [Method]
2023-07-29T01:23:11.001+02:00  INFO 36515 --- [           main] o.s.c.g.r.RouteDefinitionRouteLocator    : Loaded RoutePredicateFactory [Path]
2023-07-29T01:23:11.001+02:00  INFO 36515 --- [           main] o.s.c.g.r.RouteDefinitionRouteLocator    : Loaded RoutePredicateFactory [Query]
2023-07-29T01:23:11.001+02:00  INFO 36515 --- [           main] o.s.c.g.r.RouteDefinitionRouteLocator    : Loaded RoutePredicateFactory [ReadBody]
2023-07-29T01:23:11.001+02:00  INFO 36515 --- [           main] o.s.c.g.r.RouteDefinitionRouteLocator    : Loaded RoutePredicateFactory [RemoteAddr]
2023-07-29T01:23:11.001+02:00  INFO 36515 --- [           main] o.s.c.g.r.RouteDefinitionRouteLocator    : Loaded RoutePredicateFactory [XForwardedRemoteAddr]
2023-07-29T01:23:11.001+02:00  INFO 36515 --- [           main] o.s.c.g.r.RouteDefinitionRouteLocator    : Loaded RoutePredicateFactory [Weight]
2023-07-29T01:23:11.002+02:00  INFO 36515 --- [           main] o.s.c.g.r.RouteDefinitionRouteLocator    : Loaded RoutePredicateFactory [CloudFoundryRouteService]
2023-07-29T01:23:11.215+02:00  INFO 36515 --- [           main] c.z.a.ApiGatewayApplicationTests         : Started ApiGatewayApplicationTests in 1.6 seconds (process running for 3.069)
]]></system-out>
  </testcase>
</testsuite>